[debug] [2022-11-11T02:47:33.578Z] ----------------------------------------------------------------------
[debug] [2022-11-11T02:47:33.580Z] Command:       C:\Program Files\nodejs\node.exe C:\Users\turtl\AppData\Roaming\npm\node_modules\firebase-tools\lib\bin\firebase.js init
[debug] [2022-11-11T02:47:33.581Z] CLI Version:   11.16.0
[debug] [2022-11-11T02:47:33.581Z] Platform:      win32
[debug] [2022-11-11T02:47:33.581Z] Node Version:  v16.17.0
[debug] [2022-11-11T02:47:33.582Z] Time:          Thu Nov 10 2022 18:47:33 GMT-0800 (Pacific Standard Time)
[debug] [2022-11-11T02:47:33.582Z] ----------------------------------------------------------------------
[debug] 
[debug] [2022-11-11T02:47:33.589Z] > command requires scopes: ["email","openid","https://www.googleapis.com/auth/cloudplatformprojects.readonly","https://www.googleapis.com/auth/firebase","https://www.googleapis.com/auth/cloud-platform"]
[debug] [2022-11-11T02:47:33.590Z] > authorizing via signed-in user (turtlemuffin10@gmail.com)
[info] 
     ######## #### ########  ######## ########     ###     ######  ########
     ##        ##  ##     ## ##       ##     ##  ##   ##  ##       ##
     ######    ##  ########  ######   ########  #########  ######  ######
     ##        ##  ##    ##  ##       ##     ## ##     ##       ## ##
     ##       #### ##     ## ######## ########  ##     ##  ######  ########

You're about to initialize a Firebase project in this directory:

  C:\Users\turtl\Desktop\Site-WIP-main

[info] 
=== Project Setup
[info] 
[info] First, let's associate this project directory with a Firebase project.
[info] You can create multiple project aliases by running firebase use --add, 
[info] but for now we'll just set up a default project.
[info] 
[debug] [2022-11-11T02:48:30.962Z] >>> [apiv2][query] GET https://firebase.googleapis.com/v1beta1/projects pageSize=100
[debug] [2022-11-11T02:48:31.388Z] <<< [apiv2][status] GET https://firebase.googleapis.com/v1beta1/projects 200
[debug] [2022-11-11T02:48:31.389Z] <<< [apiv2][body] GET https://firebase.googleapis.com/v1beta1/projects [omitted]
[info] i  Using project miru-eac22 (Miru!) 
[info] 
=== Hosting Setup
[info] 
[info] Your public directory is the folder (relative to your project directory) that
[info] will contain Hosting assets to be uploaded with firebase deploy. If you
[info] have a build process for your assets, use your build's output directory.
[info] 
[debug] [2022-11-11T02:50:01.945Z] Error: Path contains invalid characters: C:\Users\turtl\Desktop\Site-WIP-main\C:\Users\turtl\OneDrive\Documents\MirusWebsite
    at checkPath (C:\Users\turtl\AppData\Roaming\npm\node_modules\firebase-tools\node_modules\fs-extra\lib\mkdirs\utils.js:16:21)
    at Object.module.exports.makeDirSync (C:\Users\turtl\AppData\Roaming\npm\node_modules\firebase-tools\node_modules\fs-extra\lib\mkdirs\make-dir.js:21:3)
    at Object.createFileSync (C:\Users\turtl\AppData\Roaming\npm\node_modules\firebase-tools\node_modules\fs-extra\lib\ensure\file.js:59:45)
    at Config.writeProjectFile (C:\Users\turtl\AppData\Roaming\npm\node_modules\firebase-tools\lib\config.js:152:12)
    at C:\Users\turtl\AppData\Roaming\npm\node_modules\firebase-tools\lib\config.js:176:22
    at processTicksAndRejections (node:internal/process/task_queues:96:5)
    at async doSetup (C:\Users\turtl\AppData\Roaming\npm\node_modules\firebase-tools\lib\init\features\hosting\index.js:129:13)
    at async init (C:\Users\turtl\AppData\Roaming\npm\node_modules\firebase-tools\lib\init\index.js:36:9)
[error] 
[error] Error: An unexpected error has occurred.
[debug] [2022-11-11T02:50:16.148Z] ----------------------------------------------------------------------
[debug] [2022-11-11T02:50:16.150Z] Command:       C:\Program Files\nodejs\node.exe C:\Users\turtl\AppData\Roaming\npm\node_modules\firebase-tools\lib\bin\firebase.js init
[debug] [2022-11-11T02:50:16.150Z] CLI Version:   11.16.0
[debug] [2022-11-11T02:50:16.150Z] Platform:      win32
[debug] [2022-11-11T02:50:16.151Z] Node Version:  v16.17.0
[debug] [2022-11-11T02:50:16.152Z] Time:          Thu Nov 10 2022 18:50:16 GMT-0800 (Pacific Standard Time)
[debug] [2022-11-11T02:50:16.152Z] ----------------------------------------------------------------------
[debug] 
[debug] [2022-11-11T02:50:16.160Z] > command requires scopes: ["email","openid","https://www.googleapis.com/auth/cloudplatformprojects.readonly","https://www.googleapis.com/auth/firebase","https://www.googleapis.com/auth/cloud-platform"]
[debug] [2022-11-11T02:50:16.160Z] > authorizing via signed-in user (turtlemuffin10@gmail.com)
[info] 
     ######## #### ########  ######## ########     ###     ######  ########
     ##        ##  ##     ## ##       ##     ##  ##   ##  ##       ##
     ######    ##  ########  ######   ########  #########  ######  ######
     ##        ##  ##    ##  ##       ##     ## ##     ##       ## ##
     ##       #### ##     ## ######## ########  ##     ##  ######  ########

You're about to initialize a Firebase project in this directory:

  C:\Users\turtl\Desktop\Site-WIP-main

[info] 
=== Project Setup
[info] 
[info] First, let's associate this project directory with a Firebase project.
[info] You can create multiple project aliases by running firebase use --add, 
[info] but for now we'll just set up a default project.
[info] 
[debug] [2022-11-11T02:50:35.295Z] >>> [apiv2][query] GET https://firebase.googleapis.com/v1beta1/projects pageSize=100
[debug] [2022-11-11T02:50:35.717Z] <<< [apiv2][status] GET https://firebase.googleapis.com/v1beta1/projects 200
[debug] [2022-11-11T02:50:35.717Z] <<< [apiv2][body] GET https://firebase.googleapis.com/v1beta1/projects [omitted]
[info] i  Using project miru-eac22 (Miru!) 
[info] 
=== Hosting Setup
[info] 
[info] Your public directory is the folder (relative to your project directory) that
[info] will contain Hosting assets to be uploaded with firebase deploy. If you
[info] have a build process for your assets, use your build's output directory.
[info] 
[debug] [2022-11-11T02:51:15.404Z] Error: Path contains invalid characters: C:\Users\turtl\Desktop\Site-WIP-main\C:\Users\turtl\Desktop\Site-WIP-main
    at checkPath (C:\Users\turtl\AppData\Roaming\npm\node_modules\firebase-tools\node_modules\fs-extra\lib\mkdirs\utils.js:16:21)
    at Object.module.exports.makeDirSync (C:\Users\turtl\AppData\Roaming\npm\node_modules\firebase-tools\node_modules\fs-extra\lib\mkdirs\make-dir.js:21:3)
    at Object.createFileSync (C:\Users\turtl\AppData\Roaming\npm\node_modules\firebase-tools\node_modules\fs-extra\lib\ensure\file.js:59:45)
    at Config.writeProjectFile (C:\Users\turtl\AppData\Roaming\npm\node_modules\firebase-tools\lib\config.js:152:12)
    at C:\Users\turtl\AppData\Roaming\npm\node_modules\firebase-tools\lib\config.js:176:22
    at processTicksAndRejections (node:internal/process/task_queues:96:5)
    at async doSetup (C:\Users\turtl\AppData\Roaming\npm\node_modules\firebase-tools\lib\init\features\hosting\index.js:129:13)
    at async init (C:\Users\turtl\AppData\Roaming\npm\node_modules\firebase-tools\lib\init\index.js:36:9)
[error] 
[error] Error: An unexpected error has occurred.
[debug] [2022-11-11T02:52:50.727Z] ----------------------------------------------------------------------
[debug] [2022-11-11T02:52:50.728Z] Command:       C:\Program Files\nodejs\node.exe C:\Users\turtl\AppData\Roaming\npm\node_modules\firebase-tools\lib\bin\firebase.js init
[debug] [2022-11-11T02:52:50.730Z] CLI Version:   11.16.0
[debug] [2022-11-11T02:52:50.730Z] Platform:      win32
[debug] [2022-11-11T02:52:50.730Z] Node Version:  v16.17.0
[debug] [2022-11-11T02:52:50.732Z] Time:          Thu Nov 10 2022 18:52:50 GMT-0800 (Pacific Standard Time)
[debug] [2022-11-11T02:52:50.732Z] ----------------------------------------------------------------------
[debug] 
[debug] [2022-11-11T02:52:50.741Z] > command requires scopes: ["email","openid","https://www.googleapis.com/auth/cloudplatformprojects.readonly","https://www.googleapis.com/auth/firebase","https://www.googleapis.com/auth/cloud-platform"]
[debug] [2022-11-11T02:52:50.742Z] > authorizing via signed-in user (turtlemuffin10@gmail.com)
[info] 
     ######## #### ########  ######## ########     ###     ######  ########
     ##        ##  ##     ## ##       ##     ##  ##   ##  ##       ##
     ######    ##  ########  ######   ########  #########  ######  ######
     ##        ##  ##    ##  ##       ##     ## ##     ##       ## ##
     ##       #### ##     ## ######## ########  ##     ##  ######  ########

You're about to initialize a Firebase project in this directory:

  C:\Users\turtl\Desktop\MiruWeb

[info] 
=== Project Setup
[info] 
[info] First, let's associate this project directory with a Firebase project.
[info] You can create multiple project aliases by running firebase use --add, 
[info] but for now we'll just set up a default project.
[info] 
[debug] [2022-11-11T02:53:03.517Z] >>> [apiv2][query] GET https://firebase.googleapis.com/v1beta1/projects pageSize=100
[debug] [2022-11-11T02:53:04.123Z] <<< [apiv2][status] GET https://firebase.googleapis.com/v1beta1/projects 200
[debug] [2022-11-11T02:53:04.123Z] <<< [apiv2][body] GET https://firebase.googleapis.com/v1beta1/projects [omitted]
[info] i  Using project miru-eac22 (Miru!) 
[info] 
=== Hosting Setup
[info] 
[info] Your public directory is the folder (relative to your project directory) that
[info] will contain Hosting assets to be uploaded with firebase deploy. If you
[info] have a build process for your assets, use your build's output directory.
[info] 
[debug] [2022-11-11T02:53:54.765Z] Error: Path contains invalid characters: C:\Users\turtl\Desktop\MiruWeb\C:\Users\turtl\Desktop\MiruWeb
    at checkPath (C:\Users\turtl\AppData\Roaming\npm\node_modules\firebase-tools\node_modules\fs-extra\lib\mkdirs\utils.js:16:21)
    at Object.module.exports.makeDirSync (C:\Users\turtl\AppData\Roaming\npm\node_modules\firebase-tools\node_modules\fs-extra\lib\mkdirs\make-dir.js:21:3)
    at Object.createFileSync (C:\Users\turtl\AppData\Roaming\npm\node_modules\firebase-tools\node_modules\fs-extra\lib\ensure\file.js:59:45)
    at Config.writeProjectFile (C:\Users\turtl\AppData\Roaming\npm\node_modules\firebase-tools\lib\config.js:152:12)
    at C:\Users\turtl\AppData\Roaming\npm\node_modules\firebase-tools\lib\config.js:176:22
    at processTicksAndRejections (node:internal/process/task_queues:96:5)
    at async doSetup (C:\Users\turtl\AppData\Roaming\npm\node_modules\firebase-tools\lib\init\features\hosting\index.js:129:13)
    at async init (C:\Users\turtl\AppData\Roaming\npm\node_modules\firebase-tools\lib\init\index.js:36:9)
[error] 
[error] Error: An unexpected error has occurred.
